<?xml version="1.0" encoding="UTF-8"?>
<testsuite xmlns:xsi="http://www.w3.org/2001/XMLSchema-instance" xsi:noNamespaceSchemaLocation="https://maven.apache.org/surefire/maven-surefire-plugin/xsd/surefire-test-report-3.0.xsd" version="3.0" name="com.hamitmizrak.TechCareerFullStack2ApplicationTests" time="5.852" tests="1" errors="0" skipped="0" failures="0">
  <properties>
[...]
</properties>
  <testcase name="contextLoads" classname="com.hamitmizrak.TechCareerFullStack2ApplicationTests" time="0.393">
    <system-out><![CDATA[09:40:02.604 [main] INFO org.springframework.test.context.support.AnnotationConfigContextLoaderUtils -- Could not detect default configuration classes for test class [com.hamitmizrak.TechCareerFullStack2ApplicationTests]: TechCareerFullStack2ApplicationTests does not declare any static, non-private, non-final, nested classes annotated with @Configuration.
09:40:02.684 [main] INFO org.springframework.boot.test.context.SpringBootTestContextBootstrapper -- Found @SpringBootConfiguration com.hamitmizrak.TechCareerFullStack2Application for test class com.hamitmizrak.TechCareerFullStack2ApplicationTests
  __    __       __       ___      ___   __  ___________      ___      ___  ________    _______        __       __   ___  
 /" |  | "\     /""\     |"  \    /"  | |" \("     _   ")    |"  \    /"  |("      "\  /"      \      /""\     |/"| /  ") 
(:  (__)  :)   /    \     \   \  //   | ||  |)__/  \\__/      \   \  //   | \___/   :)|:        |    /    \    (: |/   /  
 \/      \/   /' /\  \    /\\  \/.    | |:  |   \\_ /         /\\  \/.    |   /  ___/ |_____/   )   /' /\  \   |    __/   
 //  __  \\  //  __'  \  |: \.        | |.  |   |.  |        |: \.        |  //  \__   //      /   //  __'  \  (// _  \   
(:  (  )  :)/   /  \\  \ |.  \    /:  | /\  |\  \:  |        |.  \    /:  | (:   / "\ |:  __   \  /   /  \\  \ |: | \  \  
 \__|  |__/(___/    \___)|___|\__/|___|(__\_|_)  \__|        |___|\__/|___|  \_______)|__|  \___)(___/    \___)(__|  \__) 
                                                                                                                          
2023-08-28T09:40:03.130+03:00  INFO 18308 --- [           main] c.h.TechCareerFullStack2ApplicationTests : Starting TechCareerFullStack2ApplicationTests using Java 17.0.5 with PID 18308 (started by 90553 in D:\spring\TechCareer_FullStack_2)
2023-08-28T09:40:03.131+03:00  INFO 18308 --- [           main] c.h.TechCareerFullStack2ApplicationTests : The following 1 profile is active: "frontend"
2023-08-28T09:40:03.164+03:00 DEBUG 18308 --- [           main] o.s.w.c.s.GenericWebApplicationContext   : Refreshing org.springframework.web.context.support.GenericWebApplicationContext@77b325b3
2023-08-28T09:40:04.016+03:00  INFO 18308 --- [           main] .s.d.r.c.RepositoryConfigurationDelegate : Bootstrapping Spring Data JPA repositories in DEFAULT mode.
2023-08-28T09:40:04.076+03:00  INFO 18308 --- [           main] .s.d.r.c.RepositoryConfigurationDelegate : Finished Spring Data repository scanning in 53 ms. Found 3 JPA repository interfaces.
2023-08-28T09:40:04.905+03:00  INFO 18308 --- [           main] o.s.o.j.p.SpringPersistenceUnitInfo      : No LoadTimeWeaver setup: ignoring JPA class transformer
2023-08-28T09:40:04.919+03:00  INFO 18308 --- [           main] com.zaxxer.hikari.HikariDataSource       : HikariPool-1 - Starting...
2023-08-28T09:40:05.054+03:00  INFO 18308 --- [           main] com.zaxxer.hikari.pool.HikariPool        : HikariPool-1 - Added connection com.mysql.cj.jdbc.ConnectionImpl@2f5f5bc9
2023-08-28T09:40:05.056+03:00  INFO 18308 --- [           main] com.zaxxer.hikari.HikariDataSource       : HikariPool-1 - Start completed.
Hibernate: 
    alter table blogs 
       modify column created_date  datetime(6)
Hibernate: 
    alter table blogs 
       modify column updated_date  datetime(6)
Hibernate: 
    alter table blogs 
       modify column header  varchar(255) default 'blog için başlık girilmedi' not null
Hibernate: 
    alter table blogs 
       modify column system_date  datetime(6)
Hibernate: 
    alter table category_blogs 
       modify column created_date  datetime(6)
Hibernate: 
    alter table category_blogs 
       modify column updated_date  datetime(6)
Hibernate: 
    alter table category_blogs 
       modify column system_date  datetime(6)
Hibernate: 
    alter table emails 
       modify column created_date  datetime(6)
Hibernate: 
    alter table emails 
       modify column updated_date  datetime(6)
Hibernate: 
    alter table emails 
       modify column system_date  datetime(6)
2023-08-28T09:40:06.003+03:00  INFO 18308 --- [           main] j.LocalContainerEntityManagerFactoryBean : Initialized JPA EntityManagerFactory for persistence unit 'default'
2023-08-28T09:40:06.615+03:00  WARN 18308 --- [           main] JpaBaseConfiguration$JpaWebConfiguration : spring.jpa.open-in-view is enabled by default. Therefore, database queries may be performed during view rendering. Explicitly configure spring.jpa.open-in-view to disable this warning
2023-08-28T09:40:06.759+03:00 DEBUG 18308 --- [           main] s.w.s.m.m.a.RequestMappingHandlerAdapter : ControllerAdvice beans: 0 @ModelAttribute, 0 @InitBinder, 1 RequestBodyAdvice, 1 ResponseBodyAdvice
2023-08-28T09:40:06.790+03:00  INFO 18308 --- [           main] o.s.b.a.w.s.WelcomePageHandlerMapping    : Adding welcome page template: index
2023-08-28T09:40:06.863+03:00 DEBUG 18308 --- [           main] s.w.s.m.m.a.RequestMappingHandlerMapping : 19 mappings in 'requestMappingHandlerMapping'
2023-08-28T09:40:07.468+03:00 DEBUG 18308 --- [           main] o.s.w.s.handler.SimpleUrlHandlerMapping  : Patterns [/webjars/**, /**, /swagger-ui*/*swagger-initializer.js, /swagger-ui*/**] in 'resourceHandlerMapping'
2023-08-28T09:40:07.476+03:00 DEBUG 18308 --- [           main] .m.m.a.ExceptionHandlerExceptionResolver : ControllerAdvice beans: 1 @ExceptionHandler, 1 ResponseBodyAdvice
2023-08-28T09:40:07.816+03:00  INFO 18308 --- [           main] o.s.b.a.e.web.EndpointLinksResolver      : Exposing 1 endpoint(s) beneath base path '/actuator'
2023-08-28T09:40:07.884+03:00  INFO 18308 --- [           main] c.h.TechCareerFullStack2ApplicationTests : Started TechCareerFullStack2ApplicationTests in 5.056 seconds (process running for 5.839)
CommandLineRunner Çalıştı
2023-08-28T09:40:07.918+03:00  INFO 18308 --- [           main] c.h.bean.CommandLineRunnerBean           : CommandLineRunner Çalıştı
]]></system-out>
  </testcase>
</testsuite>